build/app/intermediates/manifest_merge_blame_file/debug/manifest-merger-blame-debug-report.txt
1<?xml version="1.0" encoding="utf-8"?>
2<manifest xmlns:android="http://schemas.android.com/apk/res/android"
3    package="com.example.liki_pro"
4    android:versionCode="1"
5    android:versionName="1.0.0" >
6
7    <uses-sdk
8        android:minSdkVersion="23"
9        android:targetSdkVersion="34" />
10    <!--
11         The INTERNET permission is required for development. Specifically,
12         the Flutter tool needs it to communicate with the running application
13         to allow setting breakpoints, to provide hot reload, etc.
14    -->
15    <uses-permission android:name="android.permission.INTERNET" />
15-->src\debug\AndroidManifest.xml:6:5-66
15-->src\debug\AndroidManifest.xml:6:22-64
16    <uses-permission android:name="android.permission.READ_CONTACTS" />
16-->src\main\AndroidManifest.xml:3:5-72
16-->src\main\AndroidManifest.xml:3:22-69
17    <uses-permission android:name="android.permission.WRITE_CONTACTS" />
17-->src\main\AndroidManifest.xml:4:5-73
17-->src\main\AndroidManifest.xml:4:22-70
18    <uses-permission android:name="android.permission.ACCESS_FINE_LOCATION" />
18-->src\main\AndroidManifest.xml:5:5-78
18-->src\main\AndroidManifest.xml:5:22-76
19    <uses-permission android:name="android.permission.ACCESS_COARSE_LOCATION" />
19-->src\main\AndroidManifest.xml:6:4-79
19-->src\main\AndroidManifest.xml:6:21-77
20    <uses-permission android:name="android.permission.SEND_SMS" />
20-->src\main\AndroidManifest.xml:7:4-65
20-->src\main\AndroidManifest.xml:7:21-63
21    <uses-permission android:name="android.permission.VIBRATE" />
21-->src\main\AndroidManifest.xml:8:4-64
21-->src\main\AndroidManifest.xml:8:21-62
22    <!--
23 Required to query activities that can process text, see:
24         https://developer.android.com/training/package-visibility and
25         https://developer.android.com/reference/android/content/Intent#ACTION_PROCESS_TEXT.
26
27         In particular, this is used by the Flutter engine in io.flutter.plugin.text.ProcessTextPlugin.
28    -->
29    <queries>
29-->src\main\AndroidManifest.xml:46:5-51:15
30        <intent>
30-->src\main\AndroidManifest.xml:47:9-50:18
31            <action android:name="android.intent.action.PROCESS_TEXT" />
31-->src\main\AndroidManifest.xml:48:13-72
31-->src\main\AndroidManifest.xml:48:21-70
32
33            <data android:mimeType="text/plain" />
33-->src\main\AndroidManifest.xml:49:13-50
33-->src\main\AndroidManifest.xml:49:19-48
34        </intent>
35        <intent>
35-->[:contacts_service] AndroidManifest.xml:10:9-12:18
36            <action android:name="android.accounts.AccountAuthenticator" />
36-->[:contacts_service] AndroidManifest.xml:11:13-76
36-->[:contacts_service] AndroidManifest.xml:11:21-73
37        </intent> <!-- Allows the app to load an icon corresponding to the custom MIME type. -->
38        <intent>
38-->[:contacts_service] AndroidManifest.xml:14:9-21:18
39            <action android:name="android.intent.action.VIEW" />
39-->[:contacts_service] AndroidManifest.xml:15:13-65
39-->[:contacts_service] AndroidManifest.xml:15:21-62
40
41            <data
41-->src\main\AndroidManifest.xml:49:13-50
42                android:host="com.android.contacts"
43                android:mimeType="vnd.android.cursor.item/*"
43-->src\main\AndroidManifest.xml:49:19-48
44                android:scheme="content" />
45        </intent>
46    </queries>
47
48    <uses-permission android:name="android.permission.FOREGROUND_SERVICE" />
48-->[:background_location] AndroidManifest.xml:11:5-77
48-->[:background_location] AndroidManifest.xml:11:22-74
49    <uses-permission android:name="android.permission.CALL_PHONE" />
49-->[:flutter_phone_direct_caller] AndroidManifest.xml:9:5-69
49-->[:flutter_phone_direct_caller] AndroidManifest.xml:9:22-66
50
51    <uses-feature
51-->[:flutter_phone_direct_caller] AndroidManifest.xml:11:5-13:36
52        android:name="android.hardware.telephony"
52-->[:flutter_phone_direct_caller] AndroidManifest.xml:12:9-50
53        android:required="false" /> <!-- Although the *SdkVersion is captured in gradle build files, this is required for non gradle builds -->
53-->[:flutter_phone_direct_caller] AndroidManifest.xml:13:9-33
54    <!-- <uses-sdk android:minSdkVersion="21" /> -->
55    <uses-permission android:name="android.permission.ACCESS_NETWORK_STATE" />
55-->[com.google.firebase:firebase-firestore:25.1.0] AndroidManifest.xml:10:5-79
55-->[com.google.firebase:firebase-firestore:25.1.0] AndroidManifest.xml:10:22-76
56    <uses-permission android:name="com.google.android.providers.gsf.permission.READ_GSERVICES" />
56-->[com.google.android.recaptcha:recaptcha:18.4.0] AndroidManifest.xml:9:5-98
56-->[com.google.android.recaptcha:recaptcha:18.4.0] AndroidManifest.xml:9:22-95
57
58    <permission
58-->[androidx.core:core:1.13.1] AndroidManifest.xml:22:5-24:47
59        android:name="com.example.liki_pro.DYNAMIC_RECEIVER_NOT_EXPORTED_PERMISSION"
59-->[androidx.core:core:1.13.1] AndroidManifest.xml:23:9-81
60        android:protectionLevel="signature" />
60-->[androidx.core:core:1.13.1] AndroidManifest.xml:24:9-44
61
62    <uses-permission android:name="com.example.liki_pro.DYNAMIC_RECEIVER_NOT_EXPORTED_PERMISSION" />
62-->[androidx.core:core:1.13.1] AndroidManifest.xml:26:5-97
62-->[androidx.core:core:1.13.1] AndroidManifest.xml:26:22-94
63
64    <application
65        android:name="android.app.Application"
66        android:appComponentFactory="androidx.core.app.CoreComponentFactory"
66-->[androidx.core:core:1.13.1] AndroidManifest.xml:28:18-86
67        android:debuggable="true"
68        android:extractNativeLibs="false"
69        android:icon="@mipmap/ic_launcher"
70        android:label="liki_pro" >
71        <activity
72            android:name="com.example.liki_pro.MainActivity"
73            android:configChanges="orientation|keyboardHidden|keyboard|screenSize|smallestScreenSize|locale|layoutDirection|fontScale|screenLayout|density|uiMode"
74            android:exported="true"
75            android:hardwareAccelerated="true"
76            android:launchMode="singleTop"
77            android:taskAffinity=""
78            android:theme="@style/LaunchTheme"
79            android:windowSoftInputMode="adjustResize" >
80
81            <!--
82                 Specifies an Android theme to apply to this Activity as soon as
83                 the Android process has started. This theme is visible to the user
84                 while the Flutter UI initializes. After that, this theme continues
85                 to determine the Window background behind the Flutter UI.
86            -->
87            <meta-data
88                android:name="io.flutter.embedding.android.NormalTheme"
89                android:resource="@style/NormalTheme" />
90
91            <intent-filter>
92                <action android:name="android.intent.action.MAIN" />
93
94                <category android:name="android.intent.category.LAUNCHER" />
95            </intent-filter>
96        </activity>
97        <!--
98             Don't delete the meta-data below.
99             This is used by the Flutter tool to generate GeneratedPluginRegistrant.java
100        -->
101        <meta-data
102            android:name="flutterEmbedding"
103            android:value="2" />
104
105        <service
105-->[:background_location] AndroidManifest.xml:14:9-19:37
106            android:name="com.almoullim.background_location.LocationUpdatesService"
106-->[:background_location] AndroidManifest.xml:15:13-84
107            android:enabled="true"
107-->[:background_location] AndroidManifest.xml:16:13-35
108            android:exported="false"
108-->[:background_location] AndroidManifest.xml:17:13-37
109            android:foregroundServiceType="location"
109-->[:background_location] AndroidManifest.xml:18:13-53
110            android:permission="" />
110-->[:background_location] AndroidManifest.xml:19:13-34
111        <service
111-->[:cloud_firestore] AndroidManifest.xml:10:9-14:19
112            android:name="com.google.firebase.components.ComponentDiscoveryService"
112-->[:cloud_firestore] AndroidManifest.xml:10:18-89
113            android:directBootAware="true"
113-->[com.google.firebase:firebase-common:21.0.0] AndroidManifest.xml:32:13-43
114            android:exported="false" >
114-->[com.google.firebase:firebase-firestore:25.1.0] AndroidManifest.xml:16:13-37
115            <meta-data
115-->[:cloud_firestore] AndroidManifest.xml:11:13-13:85
116                android:name="com.google.firebase.components:io.flutter.plugins.firebase.firestore.FlutterFirebaseFirestoreRegistrar"
116-->[:cloud_firestore] AndroidManifest.xml:12:17-134
117                android:value="com.google.firebase.components.ComponentRegistrar" />
117-->[:cloud_firestore] AndroidManifest.xml:13:17-82
118            <meta-data
118-->[:firebase_auth] AndroidManifest.xml:11:13-13:85
119                android:name="com.google.firebase.components:io.flutter.plugins.firebase.auth.FlutterFirebaseAuthRegistrar"
119-->[:firebase_auth] AndroidManifest.xml:12:17-124
120                android:value="com.google.firebase.components.ComponentRegistrar" />
120-->[:firebase_auth] AndroidManifest.xml:13:17-82
121            <meta-data
121-->[:firebase_core] AndroidManifest.xml:11:13-13:85
122                android:name="com.google.firebase.components:io.flutter.plugins.firebase.core.FlutterFirebaseCoreRegistrar"
122-->[:firebase_core] AndroidManifest.xml:12:17-124
123                android:value="com.google.firebase.components.ComponentRegistrar" />
123-->[:firebase_core] AndroidManifest.xml:13:17-82
124            <meta-data
124-->[com.google.firebase:firebase-firestore:25.1.0] AndroidManifest.xml:17:13-19:85
125                android:name="com.google.firebase.components:com.google.firebase.firestore.FirebaseFirestoreKtxRegistrar"
125-->[com.google.firebase:firebase-firestore:25.1.0] AndroidManifest.xml:18:17-122
126                android:value="com.google.firebase.components.ComponentRegistrar" />
126-->[com.google.firebase:firebase-firestore:25.1.0] AndroidManifest.xml:19:17-82
127            <meta-data
127-->[com.google.firebase:firebase-firestore:25.1.0] AndroidManifest.xml:20:13-22:85
128                android:name="com.google.firebase.components:com.google.firebase.firestore.FirestoreRegistrar"
128-->[com.google.firebase:firebase-firestore:25.1.0] AndroidManifest.xml:21:17-111
129                android:value="com.google.firebase.components.ComponentRegistrar" />
129-->[com.google.firebase:firebase-firestore:25.1.0] AndroidManifest.xml:22:17-82
130            <meta-data
130-->[com.google.firebase:firebase-auth:23.0.0] AndroidManifest.xml:69:13-71:85
131                android:name="com.google.firebase.components:com.google.firebase.auth.FirebaseAuthRegistrar"
131-->[com.google.firebase:firebase-auth:23.0.0] AndroidManifest.xml:70:17-109
132                android:value="com.google.firebase.components.ComponentRegistrar" />
132-->[com.google.firebase:firebase-auth:23.0.0] AndroidManifest.xml:71:17-82
133            <meta-data
133-->[com.google.firebase:firebase-common-ktx:21.0.0] AndroidManifest.xml:12:13-14:85
134                android:name="com.google.firebase.components:com.google.firebase.ktx.FirebaseCommonLegacyRegistrar"
134-->[com.google.firebase:firebase-common-ktx:21.0.0] AndroidManifest.xml:13:17-116
135                android:value="com.google.firebase.components.ComponentRegistrar" />
135-->[com.google.firebase:firebase-common-ktx:21.0.0] AndroidManifest.xml:14:17-82
136            <meta-data
136-->[com.google.firebase:firebase-common:21.0.0] AndroidManifest.xml:35:13-37:85
137                android:name="com.google.firebase.components:com.google.firebase.FirebaseCommonKtxRegistrar"
137-->[com.google.firebase:firebase-common:21.0.0] AndroidManifest.xml:36:17-109
138                android:value="com.google.firebase.components.ComponentRegistrar" />
138-->[com.google.firebase:firebase-common:21.0.0] AndroidManifest.xml:37:17-82
139        </service>
140        <service
140-->[:geolocator_android] AndroidManifest.xml:10:9-14:56
141            android:name="com.baseflow.geolocator.GeolocatorLocationService"
141-->[:geolocator_android] AndroidManifest.xml:11:13-77
142            android:enabled="true"
142-->[:geolocator_android] AndroidManifest.xml:12:13-35
143            android:exported="false"
143-->[:geolocator_android] AndroidManifest.xml:13:13-37
144            android:foregroundServiceType="location" />
144-->[:geolocator_android] AndroidManifest.xml:14:13-53
145
146        <activity
146-->[:url_launcher_android] AndroidManifest.xml:10:9-13:74
147            android:name="io.flutter.plugins.urllauncher.WebViewActivity"
147-->[:url_launcher_android] AndroidManifest.xml:11:13-74
148            android:exported="false"
148-->[:url_launcher_android] AndroidManifest.xml:12:13-37
149            android:theme="@android:style/Theme.NoTitleBar.Fullscreen" />
149-->[:url_launcher_android] AndroidManifest.xml:13:13-71
150        <activity
150-->[com.google.firebase:firebase-auth:23.0.0] AndroidManifest.xml:29:9-46:20
151            android:name="com.google.firebase.auth.internal.GenericIdpActivity"
151-->[com.google.firebase:firebase-auth:23.0.0] AndroidManifest.xml:30:13-80
152            android:excludeFromRecents="true"
152-->[com.google.firebase:firebase-auth:23.0.0] AndroidManifest.xml:31:13-46
153            android:exported="true"
153-->[com.google.firebase:firebase-auth:23.0.0] AndroidManifest.xml:32:13-36
154            android:launchMode="singleTask"
154-->[com.google.firebase:firebase-auth:23.0.0] AndroidManifest.xml:33:13-44
155            android:theme="@android:style/Theme.Translucent.NoTitleBar" >
155-->[com.google.firebase:firebase-auth:23.0.0] AndroidManifest.xml:34:13-72
156            <intent-filter>
156-->[com.google.firebase:firebase-auth:23.0.0] AndroidManifest.xml:35:13-45:29
157                <action android:name="android.intent.action.VIEW" />
157-->[:contacts_service] AndroidManifest.xml:15:13-65
157-->[:contacts_service] AndroidManifest.xml:15:21-62
158
159                <category android:name="android.intent.category.DEFAULT" />
159-->[com.google.firebase:firebase-auth:23.0.0] AndroidManifest.xml:38:17-76
159-->[com.google.firebase:firebase-auth:23.0.0] AndroidManifest.xml:38:27-73
160                <category android:name="android.intent.category.BROWSABLE" />
160-->[com.google.firebase:firebase-auth:23.0.0] AndroidManifest.xml:39:17-78
160-->[com.google.firebase:firebase-auth:23.0.0] AndroidManifest.xml:39:27-75
161
162                <data
162-->src\main\AndroidManifest.xml:49:13-50
163                    android:host="firebase.auth"
164                    android:path="/"
165                    android:scheme="genericidp" />
166            </intent-filter>
167        </activity>
168        <activity
168-->[com.google.firebase:firebase-auth:23.0.0] AndroidManifest.xml:47:9-64:20
169            android:name="com.google.firebase.auth.internal.RecaptchaActivity"
169-->[com.google.firebase:firebase-auth:23.0.0] AndroidManifest.xml:48:13-79
170            android:excludeFromRecents="true"
170-->[com.google.firebase:firebase-auth:23.0.0] AndroidManifest.xml:49:13-46
171            android:exported="true"
171-->[com.google.firebase:firebase-auth:23.0.0] AndroidManifest.xml:50:13-36
172            android:launchMode="singleTask"
172-->[com.google.firebase:firebase-auth:23.0.0] AndroidManifest.xml:51:13-44
173            android:theme="@android:style/Theme.Translucent.NoTitleBar" >
173-->[com.google.firebase:firebase-auth:23.0.0] AndroidManifest.xml:52:13-72
174            <intent-filter>
174-->[com.google.firebase:firebase-auth:23.0.0] AndroidManifest.xml:53:13-63:29
175                <action android:name="android.intent.action.VIEW" />
175-->[:contacts_service] AndroidManifest.xml:15:13-65
175-->[:contacts_service] AndroidManifest.xml:15:21-62
176
177                <category android:name="android.intent.category.DEFAULT" />
177-->[com.google.firebase:firebase-auth:23.0.0] AndroidManifest.xml:38:17-76
177-->[com.google.firebase:firebase-auth:23.0.0] AndroidManifest.xml:38:27-73
178                <category android:name="android.intent.category.BROWSABLE" />
178-->[com.google.firebase:firebase-auth:23.0.0] AndroidManifest.xml:39:17-78
178-->[com.google.firebase:firebase-auth:23.0.0] AndroidManifest.xml:39:27-75
179
180                <data
180-->src\main\AndroidManifest.xml:49:13-50
181                    android:host="firebase.auth"
182                    android:path="/"
183                    android:scheme="recaptcha" />
184            </intent-filter>
185        </activity>
186
187        <provider
187-->[com.google.firebase:firebase-common:21.0.0] AndroidManifest.xml:23:9-28:39
188            android:name="com.google.firebase.provider.FirebaseInitProvider"
188-->[com.google.firebase:firebase-common:21.0.0] AndroidManifest.xml:24:13-77
189            android:authorities="com.example.liki_pro.firebaseinitprovider"
189-->[com.google.firebase:firebase-common:21.0.0] AndroidManifest.xml:25:13-72
190            android:directBootAware="true"
190-->[com.google.firebase:firebase-common:21.0.0] AndroidManifest.xml:26:13-43
191            android:exported="false"
191-->[com.google.firebase:firebase-common:21.0.0] AndroidManifest.xml:27:13-37
192            android:initOrder="100" />
192-->[com.google.firebase:firebase-common:21.0.0] AndroidManifest.xml:28:13-36
193
194        <uses-library
194-->[androidx.window:window:1.2.0] AndroidManifest.xml:23:9-25:40
195            android:name="androidx.window.extensions"
195-->[androidx.window:window:1.2.0] AndroidManifest.xml:24:13-54
196            android:required="false" />
196-->[androidx.window:window:1.2.0] AndroidManifest.xml:25:13-37
197        <uses-library
197-->[androidx.window:window:1.2.0] AndroidManifest.xml:26:9-28:40
198            android:name="androidx.window.sidecar"
198-->[androidx.window:window:1.2.0] AndroidManifest.xml:27:13-51
199            android:required="false" />
199-->[androidx.window:window:1.2.0] AndroidManifest.xml:28:13-37
200
201        <service
201-->[androidx.credentials:credentials-play-services-auth:1.2.0-rc01] AndroidManifest.xml:24:9-32:19
202            android:name="androidx.credentials.playservices.CredentialProviderMetadataHolder"
202-->[androidx.credentials:credentials-play-services-auth:1.2.0-rc01] AndroidManifest.xml:25:13-94
203            android:enabled="true"
203-->[androidx.credentials:credentials-play-services-auth:1.2.0-rc01] AndroidManifest.xml:26:13-35
204            android:exported="false" >
204-->[androidx.credentials:credentials-play-services-auth:1.2.0-rc01] AndroidManifest.xml:27:13-37
205            <meta-data
205-->[androidx.credentials:credentials-play-services-auth:1.2.0-rc01] AndroidManifest.xml:29:13-31:104
206                android:name="androidx.credentials.CREDENTIAL_PROVIDER_KEY"
206-->[androidx.credentials:credentials-play-services-auth:1.2.0-rc01] AndroidManifest.xml:30:17-76
207                android:value="androidx.credentials.playservices.CredentialProviderPlayServicesImpl" />
207-->[androidx.credentials:credentials-play-services-auth:1.2.0-rc01] AndroidManifest.xml:31:17-101
208        </service>
209
210        <activity
210-->[androidx.credentials:credentials-play-services-auth:1.2.0-rc01] AndroidManifest.xml:34:9-41:20
211            android:name="androidx.credentials.playservices.HiddenActivity"
211-->[androidx.credentials:credentials-play-services-auth:1.2.0-rc01] AndroidManifest.xml:35:13-76
212            android:configChanges="orientation|screenSize|screenLayout|keyboardHidden"
212-->[androidx.credentials:credentials-play-services-auth:1.2.0-rc01] AndroidManifest.xml:36:13-87
213            android:enabled="true"
213-->[androidx.credentials:credentials-play-services-auth:1.2.0-rc01] AndroidManifest.xml:37:13-35
214            android:exported="false"
214-->[androidx.credentials:credentials-play-services-auth:1.2.0-rc01] AndroidManifest.xml:38:13-37
215            android:fitsSystemWindows="true"
215-->[androidx.credentials:credentials-play-services-auth:1.2.0-rc01] AndroidManifest.xml:39:13-45
216            android:theme="@style/Theme.Hidden" >
216-->[androidx.credentials:credentials-play-services-auth:1.2.0-rc01] AndroidManifest.xml:40:13-48
217        </activity>
218        <activity
218-->[com.google.android.gms:play-services-auth:20.7.0] AndroidManifest.xml:23:9-27:75
219            android:name="com.google.android.gms.auth.api.signin.internal.SignInHubActivity"
219-->[com.google.android.gms:play-services-auth:20.7.0] AndroidManifest.xml:24:13-93
220            android:excludeFromRecents="true"
220-->[com.google.android.gms:play-services-auth:20.7.0] AndroidManifest.xml:25:13-46
221            android:exported="false"
221-->[com.google.android.gms:play-services-auth:20.7.0] AndroidManifest.xml:26:13-37
222            android:theme="@android:style/Theme.Translucent.NoTitleBar" />
222-->[com.google.android.gms:play-services-auth:20.7.0] AndroidManifest.xml:27:13-72
223        <!--
224            Service handling Google Sign-In user revocation. For apps that do not integrate with
225            Google Sign-In, this service will never be started.
226        -->
227        <service
227-->[com.google.android.gms:play-services-auth:20.7.0] AndroidManifest.xml:33:9-37:51
228            android:name="com.google.android.gms.auth.api.signin.RevocationBoundService"
228-->[com.google.android.gms:play-services-auth:20.7.0] AndroidManifest.xml:34:13-89
229            android:exported="true"
229-->[com.google.android.gms:play-services-auth:20.7.0] AndroidManifest.xml:35:13-36
230            android:permission="com.google.android.gms.auth.api.signin.permission.REVOCATION_NOTIFICATION"
230-->[com.google.android.gms:play-services-auth:20.7.0] AndroidManifest.xml:36:13-107
231            android:visibleToInstantApps="true" />
231-->[com.google.android.gms:play-services-auth:20.7.0] AndroidManifest.xml:37:13-48
232
233        <activity
233-->[com.google.android.gms:play-services-base:18.3.0] AndroidManifest.xml:20:9-22:45
234            android:name="com.google.android.gms.common.api.GoogleApiActivity"
234-->[com.google.android.gms:play-services-base:18.3.0] AndroidManifest.xml:20:19-85
235            android:exported="false"
235-->[com.google.android.gms:play-services-base:18.3.0] AndroidManifest.xml:22:19-43
236            android:theme="@android:style/Theme.Translucent.NoTitleBar" />
236-->[com.google.android.gms:play-services-base:18.3.0] AndroidManifest.xml:21:19-78
237
238        <provider
238-->[androidx.lifecycle:lifecycle-process:2.7.0] AndroidManifest.xml:24:9-32:20
239            android:name="androidx.startup.InitializationProvider"
239-->[androidx.lifecycle:lifecycle-process:2.7.0] AndroidManifest.xml:25:13-67
240            android:authorities="com.example.liki_pro.androidx-startup"
240-->[androidx.lifecycle:lifecycle-process:2.7.0] AndroidManifest.xml:26:13-68
241            android:exported="false" >
241-->[androidx.lifecycle:lifecycle-process:2.7.0] AndroidManifest.xml:27:13-37
242            <meta-data
242-->[androidx.lifecycle:lifecycle-process:2.7.0] AndroidManifest.xml:29:13-31:52
243                android:name="androidx.lifecycle.ProcessLifecycleInitializer"
243-->[androidx.lifecycle:lifecycle-process:2.7.0] AndroidManifest.xml:30:17-78
244                android:value="androidx.startup" />
244-->[androidx.lifecycle:lifecycle-process:2.7.0] AndroidManifest.xml:31:17-49
245            <meta-data
245-->[androidx.profileinstaller:profileinstaller:1.3.1] AndroidManifest.xml:29:13-31:52
246                android:name="androidx.profileinstaller.ProfileInstallerInitializer"
246-->[androidx.profileinstaller:profileinstaller:1.3.1] AndroidManifest.xml:30:17-85
247                android:value="androidx.startup" />
247-->[androidx.profileinstaller:profileinstaller:1.3.1] AndroidManifest.xml:31:17-49
248        </provider>
249
250        <meta-data
250-->[com.google.android.gms:play-services-basement:18.3.0] AndroidManifest.xml:21:9-23:69
251            android:name="com.google.android.gms.version"
251-->[com.google.android.gms:play-services-basement:18.3.0] AndroidManifest.xml:22:13-58
252            android:value="@integer/google_play_services_version" />
252-->[com.google.android.gms:play-services-basement:18.3.0] AndroidManifest.xml:23:13-66
253
254        <receiver
254-->[androidx.profileinstaller:profileinstaller:1.3.1] AndroidManifest.xml:34:9-52:20
255            android:name="androidx.profileinstaller.ProfileInstallReceiver"
255-->[androidx.profileinstaller:profileinstaller:1.3.1] AndroidManifest.xml:35:13-76
256            android:directBootAware="false"
256-->[androidx.profileinstaller:profileinstaller:1.3.1] AndroidManifest.xml:36:13-44
257            android:enabled="true"
257-->[androidx.profileinstaller:profileinstaller:1.3.1] AndroidManifest.xml:37:13-35
258            android:exported="true"
258-->[androidx.profileinstaller:profileinstaller:1.3.1] AndroidManifest.xml:38:13-36
259            android:permission="android.permission.DUMP" >
259-->[androidx.profileinstaller:profileinstaller:1.3.1] AndroidManifest.xml:39:13-57
260            <intent-filter>
260-->[androidx.profileinstaller:profileinstaller:1.3.1] AndroidManifest.xml:40:13-42:29
261                <action android:name="androidx.profileinstaller.action.INSTALL_PROFILE" />
261-->[androidx.profileinstaller:profileinstaller:1.3.1] AndroidManifest.xml:41:17-91
261-->[androidx.profileinstaller:profileinstaller:1.3.1] AndroidManifest.xml:41:25-88
262            </intent-filter>
263            <intent-filter>
263-->[androidx.profileinstaller:profileinstaller:1.3.1] AndroidManifest.xml:43:13-45:29
264                <action android:name="androidx.profileinstaller.action.SKIP_FILE" />
264-->[androidx.profileinstaller:profileinstaller:1.3.1] AndroidManifest.xml:44:17-85
264-->[androidx.profileinstaller:profileinstaller:1.3.1] AndroidManifest.xml:44:25-82
265            </intent-filter>
266            <intent-filter>
266-->[androidx.profileinstaller:profileinstaller:1.3.1] AndroidManifest.xml:46:13-48:29
267                <action android:name="androidx.profileinstaller.action.SAVE_PROFILE" />
267-->[androidx.profileinstaller:profileinstaller:1.3.1] AndroidManifest.xml:47:17-88
267-->[androidx.profileinstaller:profileinstaller:1.3.1] AndroidManifest.xml:47:25-85
268            </intent-filter>
269            <intent-filter>
269-->[androidx.profileinstaller:profileinstaller:1.3.1] AndroidManifest.xml:49:13-51:29
270                <action android:name="androidx.profileinstaller.action.BENCHMARK_OPERATION" />
270-->[androidx.profileinstaller:profileinstaller:1.3.1] AndroidManifest.xml:50:17-95
270-->[androidx.profileinstaller:profileinstaller:1.3.1] AndroidManifest.xml:50:25-92
271            </intent-filter>
272        </receiver>
273    </application>
274
275</manifest>